This is pdfTeX, Version 3.141592653-2.6-1.40.26 (TeX Live 2024) (preloaded format=etex 2024.11.5)  6 NOV 2024 20:17
entering extended mode
 restricted \write18 enabled.
 file:line:error style messages enabled.
 %&-line parsing enabled.
**\input ./manual.texi \input ./manual.texi
(./manual.texi (/usr/local/texlive/2024/texmf-dist/tex/texinfo/texinfo.tex
Loading texinfo [version 2024-02-10.22]:
\bindingoffset=\dimen16
\normaloffset=\dimen17
\txipagewidth=\dimen18
\txipageheight=\dimen19
\defaultoutput=\toks13
\headlinebox=\box16
\footlinebox=\box17
\savedtopmark=\toks14
\margin=\insert252
\EMsimple=\toks15
\groupbox=\box18
\groupinvalidhelp=\toks16
\mil=\dimen20
\exdentamount=\skip18
\inmarginspacing=\skip19
\centerpenalty=\count27
 pdf,
\tempnum=\count28
\lnkcount=\count29
\filename=\toks17
\filenamelength=\count30
\pgn=\count31
\toksA=\toks18
\toksB=\toks19
\toksC=\toks20
\toksD=\toks21
\boxA=\box19
\boxB=\box20
\countA=\count32
\pagecount=\count33
\romancount=\count34
\arabiccount=\count35
\contentsendcount=\count36
\nopdfimagehelp=\toks22
 fonts,
\textleading=\dimen21
\sffam=\fam8
\fontdepth=\count37
 glyphs,
\errorbox=\box21
 page headings,
\titlepagetopglue=\skip20
\titlepagebottomglue=\skip21
\evenheadline=\toks23
\oddheadline=\toks24
\evenchapheadline=\toks25
\oddchapheadline=\toks26
\evenfootline=\toks27
\oddfootline=\toks28

tables,
\tableindent=\dimen22
\itemindent=\dimen23
\itemmargin=\dimen24
\itemmax=\dimen25
\itemno=\count38
\colcount=\count39
\everytab=\toks29
 conditionals,
\doignorecount=\count40
 indexing,
\dummybox=\box22
\whatsitskip=\skip22
\whatsitpenalty=\count41
\entryrightmargin=\dimen26
\entrycontskip=\dimen27
\thinshrinkable=\skip23
\partialpage=\box23
\doublecolumnhsize=\dimen28
\balancedcolumns=\box24
 sectioning,
\unnumberedno=\count42
\chapno=\count43
\secno=\count44
\subsecno=\count45
\subsubsecno=\count46
\appendixno=\count47
\absseclevel=\count48
\secbase=\count49
\chapheadingskip=\skip24
\secheadingskip=\skip25
\subsecheadingskip=\skip26
 toc,
\tocfile=\write0
\curchapmax=\dimen29
\cursecmax=\dimen30
\curssecmax=\dimen31
\secnowidthchap=\dimen32
\secnowidthsec=\dimen33
\secnowidthssec=\dimen34
\contentsrightmargin=\skip27
\savepageno=\count50
\lastnegativepageno=\count51
\tocindent=\dimen35
\secnowidth=\dimen36
\extrasecnoskip=\dimen37
\labelspace=\dimen38
 environments,
\lispnarrowing=\skip28
\envskipamount=\skip29
\lskip=\skip30
\rskip=\skip31
\circthick=\dimen39
\cartouter=\dimen40
\cartinner=\dimen41
\normbskip=\skip32
\normpskip=\skip33
\normlskip=\skip34
\nonfillparindent=\dimen42
\tabw=\dimen43
\verbbox=\box25
 defuns,
\defbodyindent=\skip35
\defargsindent=\skip36
\deflastargmargin=\skip37
\defunpenalty=\count52
\parencount=\count53
\brackcount=\count54
 macros,
\paramno=\count55
\macname=\toks30

cross references,
\auxfile=\write1
\savesfregister=\count56
\toprefbox=\box26
\printedrefnamebox=\box27
\infofilenamebox=\box28
\printedmanualbox=\box29
 insertions,
\footnoteno=\count57
\SAVEfootins=\box30
\SAVEmargin=\box31

(/usr/local/texlive/2024/texmf-dist/tex/generic/epsf/epsf.tex
This is `epsf.tex' v2.7.4 <14 February 2011>
\epsffilein=\read1
\epsfframemargin=\dimen44
\epsfframethickness=\dimen45
\epsfrsize=\dimen46
\epsftmp=\dimen47
\epsftsize=\dimen48
\epsfxsize=\dimen49
\epsfysize=\dimen50
\pspoints=\dimen51
)
\noepsfhelp=\toks31
\capheight=\dimen52
 localization,
\nolanghelp=\toks32
\countUTFx=\count58
\countUTFy=\count59
\countUTFz=\count60
 formatting,
\defaultparindent=\dimen53
 microtype,
\countC=\count61
\countB=\count62
 and turning on texinfo input format.)
[1] (/mnt/d/progsc/C7_BrickGame_v1.0-1/src/manual.toc)
(/mnt/d/progsc/C7_BrickGame_v1.0-1/src/manual.toc) [-1] Chapter 1
\openout0 = `manual.toc'.


(/mnt/d/progsc/C7_BrickGame_v1.0-1/src/manual.aux)
\openout1 = `manual.aux'.


Underfull \hbox (badness 10000) in paragraph at lines 40--41
[]@texttt void output_additional_window(WINDOW *win, GameInfo_t *var)[] @textrm
 - out-put

@hbox(7.60416+2.43333)x433.62, glue set 12.23303
.@hbox(0.0+0.0)x15.0
.@texttt v
.@texttt o
.@texttt i
.@texttt d
.etc.

Chapter 2 [1]
Underfull \hbox (badness 10000) in paragraph at lines 75--76
[]@texttt GameInfo_t writening_current_figure(int new_current, int new_game, in
t

@hbox(7.60416+2.43333)x433.62
.@hbox(0.0+0.0)x15.0
.@texttt G
.@texttt a
.@texttt m
.@texttt e
.etc.


Underfull \hbox (badness 10000) in paragraph at lines 77--78
[]@texttt int move_down(figure *var),int move_up(figure *var), int move_left(fi
gure

@hbox(7.60416+2.43333)x433.62
.@hbox(0.0+0.0)x15.0
.@texttt i
.@texttt n
.@texttt t
.@glue(@spaceskip) 3.65
.etc.

[2]
Underfull \hbox (badness 10000) in paragraph at lines 111--112
[]@texttt GameInfo_t do_action(GameInfo_t *var, figure *current, UserAction_t a
ction,

@hbox(7.60416+2.43333)x433.62
.@hbox(0.0+0.0)x15.0
.@texttt G
.@texttt a
.@texttt m
.@texttt e
.etc.

[3] ) 
Here is how much of TeX's memory you used:
 3534 strings out of 494605
 34326 string characters out of 6146879
 75795 words of memory out of 5000000
 5157 multiletter control sequences out of 15000+600000
 34203 words of font info for 119 fonts, out of 8000000 for 9000
 1453 hyphenation exceptions out of 8191
 13i,5n,16p,318b,145s stack positions out of 10000i,1000n,20000p,200000b,200000s

Output written on manual.dvi (5 pages, 7092 bytes).
